<?xml version="1.0" encoding="UTF-8"?>
<testsuite name="javafiles.dataaccessfiles.fileioimplements.JSONIOReadTest" tests="6" skipped="0" failures="1" errors="0" timestamp="2025-04-30T23:14:52" hostname="PATRICK" time="0.09">
  <properties/>
  <testcase name="readInventoryFullMap()" classname="javafiles.dataaccessfiles.fileioimplements.JSONIOReadTest" time="0.038"/>
  <testcase name="readFromFolder()" classname="javafiles.dataaccessfiles.fileioimplements.JSONIOReadTest" time="0.037">
    <failure message="org.opentest4j.AssertionFailedError: expected: &lt;null&gt; but was: &lt;javafiles.customexceptions.PathNotFoundException: Path: &quot;C:\JavaProjects\DealerProject\src\test\resources\jsonIOTests\read\test_not_a_file.json&quot; does not exist, so it can't be read.&gt;" type="org.opentest4j.AssertionFailedError">org.opentest4j.AssertionFailedError: expected: &lt;null&gt; but was: &lt;javafiles.customexceptions.PathNotFoundException: Path: &quot;C:\JavaProjects\DealerProject\src\test\resources\jsonIOTests\read\test_not_a_file.json&quot; does not exist, so it can't be read.&gt;
	at app/org.junit.jupiter.api@5.10.2/org.junit.jupiter.api.AssertionFailureBuilder.build(AssertionFailureBuilder.java:151)
	at app/org.junit.jupiter.api@5.10.2/org.junit.jupiter.api.AssertionFailureBuilder.buildAndThrow(AssertionFailureBuilder.java:132)
	at app/org.junit.jupiter.api@5.10.2/org.junit.jupiter.api.AssertNull.failNotNull(AssertNull.java:50)
	at app/org.junit.jupiter.api@5.10.2/org.junit.jupiter.api.AssertNull.assertNull(AssertNull.java:35)
	at app/org.junit.jupiter.api@5.10.2/org.junit.jupiter.api.AssertNull.assertNull(AssertNull.java:30)
	at app/org.junit.jupiter.api@5.10.2/org.junit.jupiter.api.Assertions.assertNull(Assertions.java:279)
	at app/javafiles@1.0-SNAPSHOT/javafiles.dataaccessfiles.fileioimplements.JSONIOReadTest.readFromFolder(JSONIOReadTest.kt:123)
	at java.base@23.0.2/jdk.internal.reflect.DirectMethodHandleAccessor.invoke(DirectMethodHandleAccessor.java:103)
	at java.base@23.0.2/java.lang.reflect.Method.invoke(Method.java:580)
	at app/org.junit.platform.commons@1.10.2/org.junit.platform.commons.util.ReflectionUtils.invokeMethod(ReflectionUtils.java:728)
	at app/org.junit.jupiter.engine@5.10.2/org.junit.jupiter.engine.execution.MethodInvocation.proceed(MethodInvocation.java:60)
	at app/org.junit.jupiter.engine@5.10.2/org.junit.jupiter.engine.execution.InvocationInterceptorChain$ValidatingInvocation.proceed(InvocationInterceptorChain.java:131)
	at app/org.junit.jupiter.engine@5.10.2/org.junit.jupiter.engine.extension.TimeoutExtension.intercept(TimeoutExtension.java:156)
	at app/org.junit.jupiter.engine@5.10.2/org.junit.jupiter.engine.extension.TimeoutExtension.interceptTestableMethod(TimeoutExtension.java:147)
	at app/org.junit.jupiter.engine@5.10.2/org.junit.jupiter.engine.extension.TimeoutExtension.interceptTestMethod(TimeoutExtension.java:86)
	at app/org.junit.jupiter.engine@5.10.2/org.junit.jupiter.engine.execution.InterceptingExecutableInvoker$ReflectiveInterceptorCall.lambda$ofVoidMethod$0(InterceptingExecutableInvoker.java:103)
	at app/org.junit.jupiter.engine@5.10.2/org.junit.jupiter.engine.execution.InterceptingExecutableInvoker.lambda$invoke$0(InterceptingExecutableInvoker.java:93)
	at app/org.junit.jupiter.engine@5.10.2/org.junit.jupiter.engine.execution.InvocationInterceptorChain$InterceptedInvocation.proceed(InvocationInterceptorChain.java:106)
	at app/org.junit.jupiter.engine@5.10.2/org.junit.jupiter.engine.execution.InvocationInterceptorChain.proceed(InvocationInterceptorChain.java:64)
	at app/org.junit.jupiter.engine@5.10.2/org.junit.jupiter.engine.execution.InvocationInterceptorChain.chainAndInvoke(InvocationInterceptorChain.java:45)
	at app/org.junit.jupiter.engine@5.10.2/org.junit.jupiter.engine.execution.InvocationInterceptorChain.invoke(InvocationInterceptorChain.java:37)
	at app/org.junit.jupiter.engine@5.10.2/org.junit.jupiter.engine.execution.InterceptingExecutableInvoker.invoke(InterceptingExecutableInvoker.java:92)
	at app/org.junit.jupiter.engine@5.10.2/org.junit.jupiter.engine.execution.InterceptingExecutableInvoker.invoke(InterceptingExecutableInvoker.java:86)
	at app/org.junit.jupiter.engine@5.10.2/org.junit.jupiter.engine.descriptor.TestMethodTestDescriptor.lambda$invokeTestMethod$7(TestMethodTestDescriptor.java:218)
	at app/org.junit.platform.engine@1.10.2/org.junit.platform.engine.support.hierarchical.ThrowableCollector.execute(ThrowableCollector.java:73)
	at app/org.junit.jupiter.engine@5.10.2/org.junit.jupiter.engine.descriptor.TestMethodTestDescriptor.invokeTestMethod(TestMethodTestDescriptor.java:214)
	at app/org.junit.jupiter.engine@5.10.2/org.junit.jupiter.engine.descriptor.TestMethodTestDescriptor.execute(TestMethodTestDescriptor.java:139)
	at app/org.junit.jupiter.engine@5.10.2/org.junit.jupiter.engine.descriptor.TestMethodTestDescriptor.execute(TestMethodTestDescriptor.java:69)
	at app/org.junit.platform.engine@1.10.2/org.junit.platform.engine.support.hierarchical.NodeTestTask.lambda$executeRecursively$6(NodeTestTask.java:151)
	at app/org.junit.platform.engine@1.10.2/org.junit.platform.engine.support.hierarchical.ThrowableCollector.execute(ThrowableCollector.java:73)
	at app/org.junit.platform.engine@1.10.2/org.junit.platform.engine.support.hierarchical.NodeTestTask.lambda$executeRecursively$8(NodeTestTask.java:141)
	at app/org.junit.platform.engine@1.10.2/org.junit.platform.engine.support.hierarchical.Node.around(Node.java:137)
	at app/org.junit.platform.engine@1.10.2/org.junit.platform.engine.support.hierarchical.NodeTestTask.lambda$executeRecursively$9(NodeTestTask.java:139)
	at app/org.junit.platform.engine@1.10.2/org.junit.platform.engine.support.hierarchical.ThrowableCollector.execute(ThrowableCollector.java:73)
	at app/org.junit.platform.engine@1.10.2/org.junit.platform.engine.support.hierarchical.NodeTestTask.executeRecursively(NodeTestTask.java:138)
	at app/org.junit.platform.engine@1.10.2/org.junit.platform.engine.support.hierarchical.NodeTestTask.execute(NodeTestTask.java:95)
	at java.base@23.0.2/java.util.ArrayList.forEach(ArrayList.java:1597)
	at app/org.junit.platform.engine@1.10.2/org.junit.platform.engine.support.hierarchical.SameThreadHierarchicalTestExecutorService.invokeAll(SameThreadHierarchicalTestExecutorService.java:41)
	at app/org.junit.platform.engine@1.10.2/org.junit.platform.engine.support.hierarchical.NodeTestTask.lambda$executeRecursively$6(NodeTestTask.java:155)
	at app/org.junit.platform.engine@1.10.2/org.junit.platform.engine.support.hierarchical.ThrowableCollector.execute(ThrowableCollector.java:73)
	at app/org.junit.platform.engine@1.10.2/org.junit.platform.engine.support.hierarchical.NodeTestTask.lambda$executeRecursively$8(NodeTestTask.java:141)
	at app/org.junit.platform.engine@1.10.2/org.junit.platform.engine.support.hierarchical.Node.around(Node.java:137)
	at app/org.junit.platform.engine@1.10.2/org.junit.platform.engine.support.hierarchical.NodeTestTask.lambda$executeRecursively$9(NodeTestTask.java:139)
	at app/org.junit.platform.engine@1.10.2/org.junit.platform.engine.support.hierarchical.ThrowableCollector.execute(ThrowableCollector.java:73)
	at app/org.junit.platform.engine@1.10.2/org.junit.platform.engine.support.hierarchical.NodeTestTask.executeRecursively(NodeTestTask.java:138)
	at app/org.junit.platform.engine@1.10.2/org.junit.platform.engine.support.hierarchical.NodeTestTask.execute(NodeTestTask.java:95)
	at java.base@23.0.2/java.util.ArrayList.forEach(ArrayList.java:1597)
	at app/org.junit.platform.engine@1.10.2/org.junit.platform.engine.support.hierarchical.SameThreadHierarchicalTestExecutorService.invokeAll(SameThreadHierarchicalTestExecutorService.java:41)
	at app/org.junit.platform.engine@1.10.2/org.junit.platform.engine.support.hierarchical.NodeTestTask.lambda$executeRecursively$6(NodeTestTask.java:155)
	at app/org.junit.platform.engine@1.10.2/org.junit.platform.engine.support.hierarchical.ThrowableCollector.execute(ThrowableCollector.java:73)
	at app/org.junit.platform.engine@1.10.2/org.junit.platform.engine.support.hierarchical.NodeTestTask.lambda$executeRecursively$8(NodeTestTask.java:141)
	at app/org.junit.platform.engine@1.10.2/org.junit.platform.engine.support.hierarchical.Node.around(Node.java:137)
	at app/org.junit.platform.engine@1.10.2/org.junit.platform.engine.support.hierarchical.NodeTestTask.lambda$executeRecursively$9(NodeTestTask.java:139)
	at app/org.junit.platform.engine@1.10.2/org.junit.platform.engine.support.hierarchical.ThrowableCollector.execute(ThrowableCollector.java:73)
	at app/org.junit.platform.engine@1.10.2/org.junit.platform.engine.support.hierarchical.NodeTestTask.executeRecursively(NodeTestTask.java:138)
	at app/org.junit.platform.engine@1.10.2/org.junit.platform.engine.support.hierarchical.NodeTestTask.execute(NodeTestTask.java:95)
	at app/org.junit.platform.engine@1.10.2/org.junit.platform.engine.support.hierarchical.SameThreadHierarchicalTestExecutorService.submit(SameThreadHierarchicalTestExecutorService.java:35)
	at app/org.junit.platform.engine@1.10.2/org.junit.platform.engine.support.hierarchical.HierarchicalTestExecutor.execute(HierarchicalTestExecutor.java:57)
	at app/org.junit.platform.engine@1.10.2/org.junit.platform.engine.support.hierarchical.HierarchicalTestEngine.execute(HierarchicalTestEngine.java:54)
	at app//org.junit.platform.launcher.core.EngineExecutionOrchestrator.execute(EngineExecutionOrchestrator.java:107)
	at app//org.junit.platform.launcher.core.EngineExecutionOrchestrator.execute(EngineExecutionOrchestrator.java:88)
	at app//org.junit.platform.launcher.core.EngineExecutionOrchestrator.lambda$execute$0(EngineExecutionOrchestrator.java:54)
	at app//org.junit.platform.launcher.core.EngineExecutionOrchestrator.withInterceptedStreams(EngineExecutionOrchestrator.java:67)
	at app//org.junit.platform.launcher.core.EngineExecutionOrchestrator.execute(EngineExecutionOrchestrator.java:52)
	at app//org.junit.platform.launcher.core.DefaultLauncher.execute(DefaultLauncher.java:114)
	at app//org.junit.platform.launcher.core.DefaultLauncher.execute(DefaultLauncher.java:86)
	at app//org.junit.platform.launcher.core.DefaultLauncherSession$DelegatingLauncher.execute(DefaultLauncherSession.java:86)
	at org.gradle.api.internal.tasks.testing.junitplatform.JUnitPlatformTestClassProcessor$CollectAllTestClassesExecutor.processAllTestClasses(JUnitPlatformTestClassProcessor.java:124)
	at org.gradle.api.internal.tasks.testing.junitplatform.JUnitPlatformTestClassProcessor$CollectAllTestClassesExecutor.access$000(JUnitPlatformTestClassProcessor.java:99)
	at org.gradle.api.internal.tasks.testing.junitplatform.JUnitPlatformTestClassProcessor.stop(JUnitPlatformTestClassProcessor.java:94)
	at org.gradle.api.internal.tasks.testing.SuiteTestClassProcessor.stop(SuiteTestClassProcessor.java:63)
	at java.base@23.0.2/jdk.internal.reflect.DirectMethodHandleAccessor.invoke(DirectMethodHandleAccessor.java:103)
	at java.base@23.0.2/java.lang.reflect.Method.invoke(Method.java:580)
	at org.gradle.internal.dispatch.ReflectionDispatch.dispatch(ReflectionDispatch.java:36)
	at org.gradle.internal.dispatch.ReflectionDispatch.dispatch(ReflectionDispatch.java:24)
	at org.gradle.internal.dispatch.ContextClassLoaderDispatch.dispatch(ContextClassLoaderDispatch.java:33)
	at org.gradle.internal.dispatch.ProxyDispatchAdapter$DispatchingInvocationHandler.invoke(ProxyDispatchAdapter.java:92)
	at jdk.proxy1/jdk.proxy1.$Proxy4.stop(Unknown Source)
	at org.gradle.api.internal.tasks.testing.worker.TestWorker$3.run(TestWorker.java:200)
	at org.gradle.api.internal.tasks.testing.worker.TestWorker.executeAndMaintainThreadName(TestWorker.java:132)
	at org.gradle.api.internal.tasks.testing.worker.TestWorker.execute(TestWorker.java:103)
	at org.gradle.api.internal.tasks.testing.worker.TestWorker.execute(TestWorker.java:63)
	at org.gradle.process.internal.worker.child.ActionExecutionWorker.execute(ActionExecutionWorker.java:56)
	at org.gradle.process.internal.worker.child.SystemApplicationClassLoaderWorker.call(SystemApplicationClassLoaderWorker.java:121)
	at org.gradle.process.internal.worker.child.SystemApplicationClassLoaderWorker.call(SystemApplicationClassLoaderWorker.java:71)
	at app//worker.org.gradle.process.internal.worker.GradleWorkerMain.run(GradleWorkerMain.java:69)
	at app//worker.org.gradle.process.internal.worker.GradleWorkerMain.main(GradleWorkerMain.java:74)
</failure>
  </testcase>
  <testcase name="fileDNERead()" classname="javafiles.dataaccessfiles.fileioimplements.JSONIOReadTest" time="0.002"/>
  <testcase name="readInventoryMultipleMaps()" classname="javafiles.dataaccessfiles.fileioimplements.JSONIOReadTest" time="0.003"/>
  <testcase name="readInventoryPartialMap()" classname="javafiles.dataaccessfiles.fileioimplements.JSONIOReadTest" time="0.002"/>
  <testcase name="createJSONIOWithXMLFile()" classname="javafiles.dataaccessfiles.fileioimplements.JSONIOReadTest" time="0.002"/>
  <system-out><![CDATA[Tested folder: \src\test\resources\jsonIOTests\read
Tested folder: \src\test\resources\jsonIOTests\DNE
Tested folder: \src\test\resources\jsonIOTests
]]></system-out>
  <system-err><![CDATA[]]></system-err>
</testsuite>
